LOC725616
LOC408517
TyHyd
LOC552209
LOC726997
LOC100577332
LOC102653599
LOC102654968
LOC113218809
LOC409109
LOC100576796
LOC100577694
LOC102653587
Apime-ASTA
LOC411200
Kr
LOC410638
LOC100576130
LOC724113
LOC551737
LOC100576512
LOC408432
LOC408587
LOC408690
LOC100576745
LOC100577632
LOC100577155
LOC409512
LOC552709
Foxp
LOC411253
LOC725590
LOC725952
Dat
LOC102656354
LOC410304
LOC100577997
LOC410621
LOC551259
LOC100578084
LOC408551
LOC726861
LOC409634
LOC409843
LOC412865
LOC100576161
LOC102655228
LOC113218601
Qbp-1
LOC411209
LOC410882
LOC100577073
LOC408935
LOC725573
LOC100578542
NPF
LOC413021
Crz
LOC102653654
LOC724644
LOC726278
LOC408695
LOC410756
LOC552079
LOC726252
LOC724252
LOC726472
LOC725964
LOC726896
Hiscl1
LOC551717
LOC725860
LOC107965822
LOC100577959
LOC724315
LOC408547
LOC410317
LOC409077
LOC411597
LOC724282
LOC725241
LOC411396
LOC725131
LOC410829
LOC408863
LOC725020
LOC410270
LOC107966103
Mblk-1
LOC410021
LOC102653658
Burs
LOC724220
LOC552099
LOC724270
AChE-2
LOC551364
LOC726924
LOC409063
LOC724208
LOC100577082
LOC552844
LOC408435
LOC409096
LOC100576569
LOC408722
LOC408828
LOC100577696
LOC100578662
LOC102655100
Tbh
LOC725540
LOC102654720
LOC725960
LOC100577603
LOC412839
LOC100577600
LOC100577863
LOC408453
LOC412840
LOC551323
LOC100576163
LOC408552
LOC409314
LOC412273
LOC102655329
LOC113218632
LOC411083
LOC107965534
LOC727237
LOC113218600
LOC725164
LOC409402
Msx
LOC408455
LOC410347
SIFR
LOC551385
LOC727035
LOC408393
LOC726842
LOC408963
LOC412777
LOC726394
LOC726283
LOC408804
LOC725936
LOC113219412
Y-f
LOC100577080
LOC724422
LOC408715
LOC411114
LOC413759
LOC100576215
LOC100577635
LOC413366
LOC410007
LOC552020
LOC551356
LOC725415
LOC726920
LOC726538
LOC727578
LOC551272
LOC100576679
Tret1
LOC726953
LOC551490
LOC724150
LOC406073
LOC406081
LOC409816
LOC726150
LOC412354
LOC551137
LOC409818
LOC410013
LOC100576965
LOC409051
LOC726247
LOC726654
LOC408937
LOC724412
Tsf1
LOC410535
LOC551506
LOC409722
LOC552679
Fabp
LOC100576924
LOC726130
LOC413568
LOC726126
LOC726415
LOC100577758
LOC107966102
LOC410187
LOC102654975
LOC410379
LOC503505
LOC551793
LOC408670
Pgrp-s2
LOC551804
LOC100578023
LOC408339
LOC100577845
LOC725621
LOC107964958
LOC552374
LOC724979
LOC724563
LOC726331
LOC410943
JHBP-1
Hbg3
Tk
CSP3
rnd-1-family-64#Unknown
LOC410689
LOC551496
LOC408463
GlnS
LOC113218719
LOC724195
LOC724903
LOC408835
LOC100577913
LOC724861
LOC408699
LOC410761
LOC413550
CPR19
LOC551375
Ac3
LOC552017
LOC413185
LOC102654688
LOC550785
LOC726399
LOC726268
LOC411315
LOC726101
nAChRa1
LOC100578877
LOC409207
LOC724211
LOC408579
LOC551232
LOC410979
LOC726294
LOC102654777
LOC725978
MT-LOC410791
LOC726180
LOC412993
LOC410662
LOC413977
LOC100577772
LOC100576147
LOC100577717
LOC410042
LOC410669
LOC410362
LOC102656661
LOC100577472
LOC724292
LOC408688
LOC550791
Br-c
LOC409025
LOC100577879
LOC100576251
LOC408809
LOC727092
LOC724310
LOC725064
LOC100578611
Lop1
CPR6
LOC724196
LOC409293
Abscam
LOC100578727
LOC409089
LOC408299
LOC552261
LOC724120
LOC726370
LOC410657
LOC107965483
LOC551597
LOC102653993
LOC113218869
LOC100578156
LOC409167
LOC408280
LOC113218941
Glurb
LOC102656594
crh-BP
LOC413215
LOC409774
LOC408623
LOC724421
Obp4
LOC113219191
LOC113218584
LOC409714
LOC727546
LOC413582
LOC408961
LOC408859
LOC411104
LOC102656497
LOC410694
LOC409780
LOC102654166
LOC413428
Fabp-1
LOC408429
LOC552724
Antp
Dll
LOC413829
LOC100576805
LOC724471
LOC413577
LOC408449
LOC412011
LOC410222
LOC727170
CPR28
LOC107965930
LOC409674
LOC410959
LOC410893
LOC102655824
LOC551369
LOC411050
LOC102655479
LOC100576671
LOC724473
LOC113219003
LOC102656027
LOC408822
Camkii
LOC100576134
LOC725190
LOC413350
LOC100578090
LOC410236
LOC408685
LOC725318
LOC100578955
LOC408645
LOC413527
LOC413478
LOC410259
LOC412458
LOC410148
LOC412883
LOC102653637
LOC725189
LOC408934
LOC726162
LOC100577801
LOC727647
Pburs
LOC409695
LOC724971
LOC725260
LOC100577254
MT-rnd-6-family-284#Unknown
LOC551176
LOC410732
LOC725885
LOC410758
LOC726323
LOC408864
LOC408971
LOC411023
LOC102654959
LOC410648
LOC411347
LOC410386
LOC409821
uzip
LOC100578286
LOC725840
Ks-1
Hsc70-4
LOC107963970
LOC726783
LOC113218605
LOC727308
LOC551123
LOC102654111
LOC100578239
LOC726761
LOC100578317
LOC408478
LOC113218980
LOC413071
LOC409235
LOC412927
LOC725074
LOC409533
LOC551628
LOC552756
LOC726045
LOC100578349
LOC411079
LOC412663
LOC113219039
LOC102656116
LOC100576882
LOC551028
LOC410246
LOC100578498
LOC724934
LOC725243
LOC725542
LOC411188
LOC551121
LOC100577669
LOC409642
LOC100577522
LOC408696
LOC408650
LOC724177
LOC725485
LOC413324
LOC725504
LOC100578030
LOC410204
LOC100576392
LOC551053
LOC409633
LOC100578925
LOC408741
LOC409004
LOC724269
LOC409882
LOC410293
LOC409468
LOC552326
LOC411586
LOC552734
LOC409020
LOC102656862
LOC107963964
LOC100576080
LOC410380
LOC726903
LOC100577408
LOC726288
LOC551647
LOC726302
LOC107964868
LOC725501
LOC725220
LOC113219267
LOC410658
PPO
LOC726210
LOC724740
LOC406093
LOC726743
LOC410866
LOC102653946
LOC724781
LOC552265
LOC724243
LOC100578680
LOC410151
LOC725754
LOC100859932
Ancr-1
LOC413207
LOC411288
LOC100578345
LOC408869
LOC413043
LOC113219185
LOC408926
LOC410363
LOC411344
LOC726068
LOC413481
LOC102654448
LOC551914
LOC107965158
GluCl
LOC726165
LOC412818
LOC107965338
LOC100578466
LOC724618
LOC727444
LOC726065
LOC411345
LOC107965520
LOC408884
LOC102654949
LOC413168
LOC102655815
LOC410948
LOC102654355
LOC552146
LOC408922
LOC412570
LOC100576690
LOC410398
LOC113218723
LOC551098
LOC410227
Ef-1a-f1
LOC551772
LOC411018
LOC410237
LOC552651
LOC551950
LOC410585
LOC409919
LOC408372
5-ht7
LOC113218770
LOC408985
LOC100577543
LOC724433
LOC408411
LOC102656244
LOC409962
LOC411113
LOC724497
LOC410515
LOC412859
LOC100576132
LOC113218944
LOC100576700
LOC550732
LOC100576247
LOC725792
LOC408361
LOC410282
LOC100576948
LOC550655
LOC411820
LOC100577980
LOC100577515
LOC408914
LOC724353
LOC724747
LOC410696
LOC412801
PGRP-S3
LOC409937
LOC410944
LOC411665
LOC725117
LOC100577030
LOC102654628
LOC552600
LOC102654095
LOC724319
LOC726153
LOC102655319
LOC409692
LOC413303
Amih
LOC410353
LOC726915
LOC551280
LOC411769
LOC413500
LOC107964400
LOC552322
LOC413837
LOC409849
LOC551533
LOC100578261
LOC410489
LOC724721
LOC552419
LOC725091
Argk
LOC411664
LOC410438
LOC410373
LOC411248
LOC724293
LOC412439
LOC100577492
LOC411133
LOC725422
LOC727085
LOC551510
LOC102653863
LOC551865
LOC724367
LOC724778
LOC113219162
LOC411157
LOC100578300
LOC409678
LOC725829
RB-LOC113218696
LOC412667
LOC726411
LOC551850
LOC100577118
rnd-4-family-321#Unknown
LOC100577883
LOC724172
LOC551685
LOC550671
LOC410497
LOC412934
LOC551528
LOC408418
LOC102656611
LOC100578314
LOC410562
LOC100302106
LOC102656299
LOC413631
LOC725068
LOC408465
LOC102655072
LOC412543
LOC724405
Eaat-2
LOC726935
Fstl5
LOC725724
LOC100577045
LOC408992
LOC102655943
LOC100577847
LOC551967
LOC412476
LOC726284
LOC551733
LOC551170
LOC107965314
LOC552490
LOC409187
LOC410501
LOC410211
LOC413210
LOC726948
GstS1
LOC725870
LOC552243
RB-rnd-5-family-97#rRNA
LOC100578801
LOC726262
LOC100578068
LOC100578283
Ant
LOC552257
LOC551086
LOC413736
LOC100379261
LOC408430
MT-rnd-4-family-594#Unknown
LOC411199
LOC410427
LOC409701
LOC409680
LOC552453
Vhdl
LOC408452
LOC552694
LOC100577488
LOC410852
LOC552592
LOC102655361
LOC410122
LOC409425
LOC552142
LOC725813
LOC725926
LOC551684
LOC410271
LOC551651
Cyp4g11
CSP2
MT-LOC409130
LOC726199
LOC409185
LOC409278
LOC113219268
LOC100577376
LOC408592
MT-rnd-6-family-1412#Unknown
LOC551093
Gat-1B
LOC724242
LOC725380
LOC725404
LOC408729
LOC408803
LOC411250
LOC409142
LOC724274
LOC100578957
LOC100578587
LOC410320
LOC408906
LOC412858
LOC410006
LOC100577538
LOC102654947
LOC412855
LOC724847
LOC409616
LOC408767
LOC409000
LOC551460
LOC107965237
LOC107964820
LOC113219352
LOC551897
HEX70b
LOC412088
LOC101664701
LOC100576703
Grd
LOC552254
LOC551721
LOC412167
LOC408443
LOC725574
LOC100577198
LOC412540
LOC726755
LOC726377
LOC413968
LOC413190
LOC726069
Syx1A
LOC107964592
LOC102656070
LOC551257
LOC102655185
LOC100578661
LOC102655213
LOC724752
LOC725408
LOC724776
LOC100576683
LOC102655781
LOC100578382
LOC100578126
LOC100576222
LOC412813
LOC102655427
LOC411519
LOC100576546
LOC100577636
LOC408622
B-gluc1
LOC102653613
LOC413934
rnd-4-family-49#Unknown
LOC113219095
LOC552513
LOC409608
LOC100577283
LOC107964982
LOC102656029
LOC725803
LOC100578368
rnd-6-family-2068#Unknown
LOC107965041
LOC102655054
LOC408960
LOC406147
LOC102656404
LOC413816
LOC113218927
LOC411958
Syt20
LOC408381
LOC100576919
LOC551005
LOC408945
LOC725038
LOC725264
LOC725263
LOC107965171
LOC410479
LOC408718
LOC100576196
LOC409640
LOC551706
LOC551803
LOC410706
MT-LOC408955
Est-6
LOC102656321
LOC413382
LOC100576528
LOC100578121
LOC100577028
LOC409451
LOC408717
MT-ATP5G2
LOC724801
LOC409361
LOC102654560
LOC107964906
LOC409890
Or57
LOC724865
LOC408474
LOC412166
LOC409777
AGLU2
LOC726514
LOC726392
LOC551587
LOC100577365
RB-LOC113219172
Tpx-4
LOC408791
LOC413785
LOC409212
LOC411611
LOC726987
LOC100576597
LOC412217
LOC409703
LOC409782
LOC413005
LOC725245
LOC102654534
LOC100577816
LOC113218871
LOC408614
LOC725799
LOC408666
LOC724518
LOC100577936
mGlutR1
LOC725894
LOC409182
LOC413569
LOC410043
LOC410456
LOC408364
LOC100576742
LOC724221
LOC409778
LOC107964323
MT-LOC726042
LOC409665
LOC411212
LOC100820634
LOC412815
LOC411229
LOC724515
LOC724899
LOC408897
5-HT2alpha
LOC408908
LOC724852
LOC408875
LOC410947
LOC409903
LOC725460
LOC409277
LOC102654259
LOC725127
LOC113218812
LOC100578236
LOC408827
LOC113218834
LOC411813
Tspan6
LOC551621
LOC102655699
LOC100579015
LOC412353
LOC551325
LOC408509
LOC725732
LOC408797
LOC113218569
LOC409474
LOC724287
LOC410609
LOC102656907
LOC100577121
LOC100576522
LOC408421
LOC100577163
LOC100577396
LOC410860
LOC107965037
LOC102655033
LOC102654369
EF1a-F2
LOC102655928
LOC725393
LOC551623
LOC725194
LOC102653703
LOC726179
LOC411748
LOC100576291
Dsx
LOC107965480
LOC102656130
LOC411202
LOC408988
LOC727091
LOC724368
LOC727081
LOC410824
LOC412808
LOC726276
LOC410514
LOC100578367
LOC107964011
LOC107965683
LOC412013
LOC408677
LOC726736
LOC100576994
LOC107964187
LOC102655494
LOC410288
LOC413562
LOC102655889
LOC413391
LOC724138
LOC409160
LOC102654690
LOC552561
LOC552446
LOC406096
LOC725495
LOC410775
LOC725258
LOC409078
LOC724189
LOC100576765
LOC551223
LOC409228
LOC725290
LOC412150
LOC724192
LOC100577585
LOC726231
LOC552397
LOC107965562
LOC725076
LOC551224
LOC725511
LOC102654151
Def1
LOC100576129
LOC411467
LOC102655102
LOC410337
LOC102653764
LOC412056
LOC100577743
LOC412220
LOC408958
LOC410001
LOC408427
LOC113219373
LOC113218867
LOC410779
LOC413791
LOC102654924
RB-LOC725432
LOC100576986
LOC102654812
TpnI
LOC409949
LOC726793
LOC410739
LOC107964104
MT-LOC725710
LOC100576880
LOC724571
LOC113218919
LOC113218548
LOC409260
LOC410375
LOC409856
LOC725008
LOC411155
LOC411048
LOC410216
LOC410506
LOC725479
LOC100578866
LOC408428
LOC413464
LOC724952
LOC102654271
LOC107964984
LOC408264
LOC100576471
LOC102656007
DopR2
LOC107964793
LOC107965749
LOC726238
LOC100577789
LOC113219392
LOC107964499
LOC551016
LOC726321
MT-LOC411808
LOC410417
LOC409643
LOC724333
LOC102656628
LOC725698
LOC725963
LOC102655591
LOC102656171
LOC102653866
LOC552297
Oa1
RB-LOC113219174
RB-LOC726295
LOC113219342
LOC107963995
LOC107965950
LOC411277
LOC409091
LOC102654286
LOC411983
LOC410467
LOC410563
LOC410741
LOC552224
LOC410341
LOC411330
LOC412907
LOC100576458
LOC724378
LOC409822
LOC409708
LOC552370
LOC408874
LOC552283
LOC411557
LOC410920
LOC409371
LOC113218769
Amel-8916
LOC102655794
LOC100577303
LOC724616
LOC409159
LOC100576547
LOC726289
LOC410748
LOC413466
LOC552577
LOC409189
LOC726201
LOC102656552
LOC102654200
LOC494508
LOC100576895
LOC100577576
Per
LOC552778
LOC113219006
LOC726412
LOC408329
LOC102654837
LOC552073
LOC102654329
LOC410332
LOC102654055
LOC409430
LOC411607
LOC100578793
LOC100576746
LOC100577239
LOC102655353
MT-rnd-6-family-3082#Unknown
LOC113219235
LOC725914
LOC724727
LOC102656390
LOC408596
LOC100577322
LOC100577142
LOC100576194
LOC552548
LOC100576552
rnd-5-family-4866#LTR/Copia
LOC724761
LOC409514
LOC102655817
nAChRa6
LOC551165
LOC102655229
LOC412263
LOC726681
rnd-1-family-6#Unknown
nAChRa7
LOC408462
LOC107964513
MT-ACSF2
LOC410368
LOC113219349
LOC410960
LOC408817
LOC102656816
LOC102654860
LOC551483
LOC100578818
LOC411270
LOC102653728
LOC100577517
Rep
Or50
LOC100577138
LOC102655435
LOC412197
LOC552608
LOC408871
LOC102653892
LOC102654268
LOC552238
LOC724501
LOC726457
Mrjp7
LOC113218968
LOC725701
LOC107965873
LOC100576859
LOC409016
LOC551946
LOC413994
LOC100576602
LOC552631
LOC113218997
Gat-a
Syt1
LOC410926
LOC412722
LOC100577620
LOC409383
LOC727078
LOC410165
LOC410393
LOC102656472
LOC113218942
LOC408603
LOC726424
LOC113218857
LOC113219183
Mir9867
MT-LOC725974
LOC107964211
LOC107964341
LOC100576143
LOC113218848
LOC113218875
LOC552849
LOC100578031
LOC100576913
LOC410755
LOC100578220
LOC102655292
LOC408660
CUTA
LOC726571
LOC100577260
LOC107964545
LOC727173
LOC552313
5-HT1
LOC552276
LOC411201
LOC410149
LOC102654070
LOC409963
LOC100576454
LOC411744
LOC100576529
Kakusei
LOC100576383
LOC726601
LOC113218982
LOC107964814
LOC413333
LOC102656043
LOC411564
LOC102655106
LOC410686
RB-LOC409294
LOC408782
LOC100577795
LOC725366
LOC409090
LOC413676
LOC113219258
LOC727146
LOC408525
LOC725557
LOC102656631
LOC100577715
LOC100576258
LOC410674
LOC102654654
LOC100577002
LOC100578420
LOC100578423
LOC102656044
LOC724756
LOC551043
LOC550691
LOC100577091
LOC409598
LOC726690
LOC409791
LOC413596
RB-LOC413875
LOC550964
LOC725148
LOC113218794
LOC412890
MT-LOC408308
TyrR
LOC724916
LOC113219089
LOC413274
LOC408824
LOC107964994
LOC107964724
LOC100577504
LOC408857
LOC113219156
LOC408733
Cpap3-c
LOC550970
LOC100577213
LOC102655235
LOC727121
LOC102656465
LOC107964039
MT-LOC551255
LOC113218859
Emc
LOC100577042
LOC113218643
LOC100577894
LOC411672
LOC107965194
LOC411264
LOC724430
LOC102656562
LOC413383
LOC102653931
Cyp314a1
LOC100576307
LOC552154
LOC100578568
LOC724488
LOC726286
LOC102656835
LOC412703
LOC100578780
LOC408562
LOC102656252
LOC100578882
LOC102654354
Mir3764
Or53
MT-CytC
LOC102655670
LOC413739
LOC100576591
LOC410166
rnd-5-family-8484#Unknown
LOC410179
LOC724651
LOC412111
LOC100577455
LOC100576748
LOC100578731
LOC100576403
pHCl
LOC726914
Or58
LOC100577363
LOC724806
LOC100578799
LOC102655842
LOC102655900
LOC725108
LOC727479
MT-LOC408991
LOC726097
LOC409648
LOC100577106
LOC100576573
LOC411827
LOC724636
LOC107965795
LOC725225
LOC410439
LOC102654842
LOC551799
LOC412143
LOC725532
LOC100576592
LOC551130
LOC410044
LOC409910
LOC100577015
LOC102655280
LOC411570
LOC107965276
LOC409966
LOC102656910
LOC409057
MT-LOC552531
LOC100576840
LOC409792
LOC102654086
LOC100578928
LOC113219108
LOC113218737
LOC100576841
LOC100576687
Gycbeta1
LOC100577214
LOC113218610
LOC724126
LOC113219304
LOC413242
LOC102653940
MT-LOC411849
LOC100576445
LOC107965557
Or51
LOC412222
LOC410402
LOC551414
LOC552371
LOC410534
LOC412074
LOC411058
LOC113219231
LOC113219300
LOC410823
LOC552183
LOC411729
LOC100578716
LOC552149
LOC107964013
LOC726401
LOC409836
LOC408664
LOC102655710
LOC551704
LOC410369
LOC100576452
LOC107965668
LOC102653920
LOC102656019
Hsc70-5
LOC100578391
LOC100576677
LOC409006
LOC100577216
LOC100577164
LOC411213
LOC100578835
LOC102654809
LOC408451
LOC552735
LOC552721
LOC725092
LOC408388
LOC413125
LOC413936
LOC408841
LOC100576425
LOC113219285
LOC113219393
LOC100576638
LOC412775
LOC551780
LOC409805
LOC100576103
LOC102654895
LOC102654660
MT-LOC551861
LOC724417
LOC113218961
LOC409970
LOC725651
LOC102653815
LOC410058
LOC552213
Blop
LOC551796
LOC413097
LOC100578341
LOC102655574
LOC102655685
LOC411158
LOC409847
LOC410736
LOC726554
Mir3783
LOC107964438
LOC727399
LOC411019
Glob1
LOC552636
LOC102655465
LOC100578409
LOC550922
LOC100576902
LOC727408
LOC410291
LOC408343
LOC100577901
LOC102656583
LOC113219353
LOC102653894
LOC102656270
LOC102655251
LOC113219007
LOC413924
LOC100577606
LOC408867
LOC100577943
LOC411765
LOC113219272
LOC100578226
LOC725218
LOC102656074
LOC102654367
LOC107965787
LOC408480
MT-LOC552429
LOC724915
LOC725818
LOC724995
LOC725331
LOC113218593
PRF
LOC113219145
LOC552459
LOC408902
LOC100578929
LOC113218625
LOC411614
LOC727007
LOC102656563
Or55
LOC552417
LOC102655924
LOC725250
LOC113219196
LOC409346
LOC113218756
LOC408536
LOC102656656
LOC409603
LOC552546
LOC727324
Mir6044
LOC413462
LOC409257
LOC409784
LOC410654
LOC724907
LOC410505
LOC100578519
brp
LOC410862
LOC409481
LOC100576783
LOC726887
LOC409358
LOC409650
LOC410803
LOC102654609
LOC725498
LOC100577516
LOC726423
Gr10
LOC412887
LOC724835
Ndufs5
LOC726189
LOC113219075
LOC113218547
LOC100577513
LOC100577530
LOC102655071
LOC725436
LOC725593
MT-LOC412305
LOC100578523
LOC408369
LOC113219253
LOC725192
LOC410063
LOC411502
LOC409768
LOC552358
LOC107965025
LOC551961
LOC100576293
LOC552293
LOC725920
LOC107964778
LOC725758
LOC409488
LOC113218630
LOC411052
LOC113219068
LOC100576603
LOC112939925
LOC100577788
MT-LOC408967
LOC102656022
LOC406152
LOC100577307
LOC100577929
LOC410365
RB-LOC409326
LOC100577428
LOC410684
LOC408979
LOC409410
LOC113219020
LOC551553
LOC552177
Hsp90
LOC100577231
LOC552639
LOC411301
LOC726727
LOC552711
LOC100578134
LOC413473
LOC107964204
LOC102654281
rnd-1-family-42#Unknown
LOC412091
LOC100576568
LOC102654023
LOC725093
LOC725660
LOC552782
LOC409835
LOC724146
LOC412299
LOC551879
LOC412948
LOC413098
LOC411038
LOC550677
LOC408951
LOC113218535
LOC725438
LOC102656618
LOC726639
LOC724546
LOC411651
LOC410336
LOC102654314
LOC102656625
LOC410649
LOC410896
LOC107964659
LOC102655538
LOC409721
LOC100577682
LOC107965578
LOC726451
RB-LOC410188
LOC409265
LOC413620
LOC410853
LOC100577822
LOC100576223
LOC113218898
LOC724962
LOC727335
LOC408740
LOC725128
RB-LOC102654426
RB-LOC113218753
LOC100577667
LOC408661
MT-LOC409150
LOC724225
LOC408681
LOC410573
LOC726990
LOC413555
LOC100578467
LOC724389
LOC409771
MT-LOC550929
MT-LOC102655740
LOC102655605
LOC100577692
LOC100576537
LOC551758
LOC725157
LOC100578323
LOC113219207
LOC410613
LOC102654800
Eyg
LOC409141
LOC410261
LOC409241
LOC100577347
LOC412279
LOC113218523
LOC552294
LOC726829
LOC413025
LOC552545
LOC410577
LOC413134
LOC726407
LOC412916
LOC408981
RB-LOC724531
LOC410888
LOC107964845
rnd-5-family-1071#LTR/Copia
LOC107965378
LOC552315
LOC409362
LOC409318
LOC100578965
LOC725480
LOC102655278
LOC102655365
LOC408876
LOC726625
LOC725740
LOC102653951
LOC107965599
LOC726912
LOC113218540
LOC552461
LOC413502
LOC113219152
LOC102656875
LOC107964882
LOC412986
LOC412825
LOC410801
LOC552489
LOC107965051
LOC412778
LOC724983
LOC725680
LOC102655446
LOC100576530
LOC725831
LOC726894
LOC100576828
LOC100577382
LOC408727
LOC552193
LOC551695
LOC551167
LOC100576614
LOC411227
Cpap3-b
LOC413056
LOC102654482
LOC100576498
LOC551290
RB-RpLP1
LOC408973
LOC100576881
LOC100578579
LOC107964972
LOC550870
LOC100578783
LOC102654894
LOC107964314
LOC726106
Or41
LOC100576851
CPR3
LOC100578774
LOC408390
LOC410850
LOC410087
LOC409026
LOC408508
LOC551249
LOC551736
LOC410170
LOC412774
LOC412960
LOC102655139
rnd-6-family-70#Unknown
LOC413698
Dop3
LOC408272
LOC409108
LOC113219050
LOC100578826
LOC113218647
LOC102655025
LOC102653832
LOC412069
LOC551930
LOC100578995
LOC100577159
LOC100578718
MT-LOC409114
rnd-1-family-33#Unknown
LOC551143
LOC100576301
LOC107965336
LOC724795
LOC100576447
LOC411918
LOC102653994
LOC724483
LOC409502
LOC102655564
LOC410683
LOC726040
Mir3720
LOC412475
LOC113219389
LOC725165
LOC726944
LOC726855
Adk1
LOC100579058
LOC113218930
LOC113219243
LOC551434
Gb15078
rnd-1-family-37#Unknown
LOC409686
LOC409152
LOC102655905
LOC408310
LOC100578776
LOC100579031
LOC102653945
LOC413677
LOC408910
LOC551350
RB-LOC411380
LOC113219426
LOC100577781
GstD1
LOC100578729
LOC410821
LOC113218576
LOC409384
LOC408267
CSP6
MT-LOC727118
LOC102655585
LOC726722
LOC408848
LOC408916
LOC551846
LOC410351
LOC107964319
LOC113218578
LOC102656011
LOC100578057
LOC408763
LOC410371
LOC724498
LOC726032
LOC724391
LOC413399
LOC113219066
LOC410492
LOC408646
LOC107964096
LOC413000
LOC100578810
LOC725800
LOC113218603
Or56
LOC100576419
LOC410958
LOC725654
LOC552190
LOC102655355
LOC102653810
LOC410178
LOC409448
MT-LOC550667
LOC408471
LOC552110
LOC113219149
LOC725217
LOC724460
LOC412994
LOC100576096
LOC413749
LOC550899
Or25
LOC409740
LOC726124
LOC725500
LOC102654856
MT-LOC552069
LOC410752
LOC102655757
LOC113219202
LOC409957
LOC102654795
LOC409368
Mir3723
LOC410041
LOC409086
LOC409950
LOC410956
LOC100576478
LOC551283
LOC410905
LOC412646
LOC408706
otd2
LOC409060
LOC100577101
LOC552279
LOC725246
LOC724439
RB-LOC725147
LOC408277
LOC726347
LOC100576826
LOC102656765
LOC727460
LOC100578557
MT-LOC551766
Uvop
LOC411452
LOC725312
LOC102656453
LOC107964093
LOC726456
LOC100578434
LOC412965
LOC413575
LOC102655825
LOC410895
Mad
LOC411902
LOC100642173
LOC113219009
LOC113218661
LOC724737
LOC408694
LOC727113
MT-LOC102654169
LOC113218795
LOC410747
LOC410322
LOC100576157
LOC100577393
LOC410442
LOC100578529
LOC412896
LOC100578187
LOC107965375
LOC100578899
LOC725051
LOC409628
LOC102656822
LOC410600
LOC102656013
MT-LOC724919
LOC724686
LOC107965102
LOC100576417
LOC724568
LOC411602
LOC725548
LOC107965778
LOC413060
LOC409956
LOC411348
LOC413914
LOC113219027
LOC412330
LOC100577436
Ip3k
LOC113218741
Gtpx1
LOC726318
LOC409300
LOC113218976
LOC413368
LOC724569
LOC726298
Cat
LOC408959
LOC410468
LOC726928
LOC725469
LOC725558
LOC102655223
Obp10
LOC409924
LOC102656010
LOC102654866
LOC725783
LOC100577670
LOC102654831
LOC412893
LOC100578744
LOC409267
LOC413616
LOC100578543
LOC102655409
LOC725718
LOC107964959
LOC411173
LOC727423
LOC102655870
LOC102654206
LOC107965335
LOC102653850
LOC725891
LOC113218555
LOC412846
LOC726671
LOC113218833
LOC408444
LOC113218562
LOC100576661
LOC413153
LOC408779
LOC724853
LOC725797
LOC551529
LOC751767
LOC102654134
LOC100577748
LOC412245
LOC102653649
LOC724594
LOC107965274
Or130
Kr-h1
LOC413892
LOC408872
LOC551252
LOC413489
LOC113218591
LOC408844
LOC551263
LOC725882
LOC724238
LOC726024
LOC107964762
LOC411316
LOC102654555
LOC100577456
LOC100578478
LOC100577939
LOC102656247
MT-LOC726746
MT-LOC412984
RB-LOC727128
LOC411154
LOC406124
LOC725359
LOC726991
LOC551806
LOC410158
LOC102654429
LOC100576872
LOC100578014
LOC411670
LOC725614
NLG-4
LOC726972
LOC100578165
LOC107965433
LOC100576914
LOC113219153
LOC726551
LOC102653763
LOC100576423
LOC414015
LOC411525
LOC724495
LOC410253
LOC107965212
LOC411760
LOC410724
LOC724783
LOC725775
NLG-5
LOC102653619
Dop1
LOC413224
LOC408327
LOC724603
LOC408539
LOC102655881
LOC408447
LOC552381
LOC102653800
LOC408275
LOC102654165
LOC725050
LOC727227
LOC409513
LOC100578343
LOC726121
LOC408821
LOC725503
LOC107965007
nAChRa2
LOC726229
LOC102654142
LOC551664
LOC107966061
Cac
LOC725069
LOC408297
LOC411986
LOC412602
LOC113218801
LOC724295
LOC411021
LOC113219051
LOC413490
LOC413408
LOC551941
LOC100577827
LOC725439
LOC411693
LOC412955
LOC409748
LOC102654542
LOC409177
LOC102654122
Acph-1
LOC727370
LOC551883
LOC408801
LOC725084
LOC725619
LOC408770
LOC100576755
LOC100577109
LOC411420
LOC102654398
LOC100576984
rnd-4-family-303#Unknown
LOC100576563
LOC550998
LOC107964237
LOC726695
LOC100576326
LOC413109
LOC411100
LOC411036
LOC100577945
LOC409172
RB-LOC552726
LOC410820
LOC410718
LOC100577019
LOC410838
LOC100578321
LOC411982
LOC552215
LOC551624
LOC551428
LOC100577723
LOC409409
LOC100578440
LOC107965147
LOC107965445
LOC102656585
LOC410172
LOC726786
LOC100577487
LOC410480
LOC410632
LOC100578698
LOC102653655
LOC411181
MARCH6
LOC412435
LOC724559
LOC100577744
LOC100577931
LOC409455
LOC102654399
LOC408358
LOC551690
LOC413386
LOC409465
LOC100578804
LOC102654089
LOC102655375
LOC102653657
LOC413560
LOC725661
LOC100577678
LOC409546
Cox6c
LOC413410
LOC100577749
LOC100578154
LOC100577805
LOC551523
LOC726175
MT-LOC551113
LOC100578596
LOC551805
LOC100578841
LOC100577971
LOC102656106
LOC551360
LOC102653589
LOC411920
LOC725470
LOC113218813
LOC550724
LOC411989
LOC412099
LOC413686
LOC100578739
LOC102655155
LOC113219409
Or19
LOC726414
LOC100577938
LOC409390
LOC107964063
LOC410272
LOC102655522
LOC107965484
LOC551291
LOC113218669
LOC100578016
LOC725273
LOC102656259
LOC412853
LOC551461
LOC408278
Hex110
LOC100578353
TpnCIIa
LOC102656224
LOC727405
LOC113218532
LOC107964703
LOC409525
LOC413002
LOC102654436
LOC552797
LOC113219319
LOC410989
LOC551073
LOC410428
LOC102653890
LOC409923
LOC552473
MT-LOC410062
LOC726958
LOC409001
LOC410280
LOC410326
rnd-6-family-645#Unknown
LOC724227
LOC409126
LOC413248
LOC413200
LOC113218763
LOC107965859
LOC412101
LOC409931
LOC410229
LOC410957
MT-LOC726569
LOC551792
LOC410802
LOC413384
LOC409043
LOC552258
LOC409476
LOC725881
LOC412972
LOC414038
LOC409920
MT-LOC551904
LOC726765
LOC724973
LOC113218771
LOC100577474
LOC409845
LOC725901
LOC408602
LOC412363
LOC107965163
LOC725200
LOC113219178
LOC552359
LOC100578657
LOC726679
LOC409781
LOC551607
LOC408996
LOC726597
LOC100576273
LOC413557
LOC102656936
LOC100576736
LOC551646
LOC100578162
LOC412869
LOC102654016
LOC724942
LOC100577242
LOC102653904
LOC413583
LOC113218948
LOC552771
LOC107963988
LOC551031
LOC552340
LOC551489
LOC102655120
LOC113218874
LOC100577102
LOC725893
LOC413369
LOC412303
LOC552460
LOC100578990
FAR1
LOC724991
LOC411207
LOC102655706
LOC551924
LOC551122
LOC102654579
MT-LOC409236
LOC113219194
sGC-alpha1
LOC100577346
RB-LOC551867
LOC413627
LOC100578515
CPR5
LOC726668
LOC410201
Or35
LOC409124
LOC100576903
LOC100577676
LOC727639
MT-LOC100577026
LOC100578133
MT-LOC726530
LOC724592
LOC552784
LOC414017
LOC726019
LOC410994
nAChRa4
LOC102656302
LOC113218748
LOC413998
5-HT2beta
LOC113218560
LOC411935
LOC102655393
LOC113219324
LOC724734
LOC412828
LOC102656557
LOC726510
LOC725237
LOC408394
RB-LOC409290
LOC113219314
LOC100576555
LOC411976
LOC552007
LOC551744
LOC412510
MT-LOC551584
LOC725334
LOC413946
LOC107965219
LOC726866
LOC100578102
LOC113219359
Uqcr11
LOC113219256
LOC551558
LOC725261
LOC411336
LOC100577224
LOC408896
LOC552216
LOC100577919
LOC724334
LOC100578813
LOC102654498
Ppib
LOC411124
LOC411371
LOC411024
LOC408830
LOC100576355
LOC102654964
LOC113219165
LOC726343
MsrA
LOC408894
LOC551211
LOC411599
Or27
LOC410751
LOC724178
LOC411807
LOC100577646
LOC408788
LOC409441
Dnmt1a
LOC552364
LOC551168
LOC410202
rnd-1-family-2#Unknown
LOC100578439
Mir2796
LOC100578586
LOC102654750
LOC413189
LOC551433
MT-LOC408446
LOC413171
MT-LOC408288
LOC411907
LOC107965179
LOC408494
LOC550716
LOC113219055
LOC413416
LOC100188904
LOC725743
MT-LOC409712
LOC102656639
LOC102654776
LOC107965519
LOC100577334
LOC100578266
LOC552712
LOC107965308
LOC408467
LOC102654115
LOC100577882
LOC102655864
LOC409452
LOC726014
LOC413721
LOC411054
LOC410258
LOC409946
LOC727593
rnd-5-family-2258#Unknown
LOC100577397
LOC413040
LOC410429
LOC413643
LOC725967
LOC724558
LOC724870
LOC411888
rnd-6-family-1952#Unknown
LOC409492
LOC100578170
LOC100576956
LOC410408
Sod1
LOC408780
LOC100576853
LOC552187
LOC551617
LOC413076
LOC411378
LOC100576446
LOC411009
Or30
LOC107964632
LOC409918
LOC725699
LOC100578654
LOC408839
LOC414025
LOC551447
LOC727649
LOC100578621
LOC113218868
LOC409022
LOC113218800
LOC726382
LOC412959
MT-LOC727534
LOC100578112
LOC411140
LOC100577384
MT-LOC413517
LOC100576384
LOC113219060
LOC113218637
LOC409666
LOC726380
LOC100577027
LOC102655812
LOC410278
LOC552578
LOC100578613
nanos
LOC100576279
LOC726709
LOC725834
LOC102656087
MT-LOC413605
LOC113219233
LOC410537
LOC726879
LOC102656120
LOC100577057
Usp
LOC410854
LOC107965701
LOC102653751
LOC724548
LOC409056
LOC412966
LOC100578100
LOC100578777
LOC107964202
LOC409727
LOC409624
MT-LOC551667
LOC107964271
LOC409715
LOC102653978
LOC409638
MT-LOC725866
LOC408966
LOC413400
LOC413558
LOC412643
LOC410730
LOC724170
LOC100577721
LOC107964408
LOC551126
MT-LOC409292
LOC725946
LOC409981
LOC102656015
LOC551401
LOC113218774
LOC408942
LOC411864
LOC102654676
LOC113218943
LOC409655
LOC100578678
LOC551934
LOC113218525
LOC413246
LOC113218581
LOC113218910
LOC410636
LOC113219394
LOC100576277
LOC726221
LOC410933
LOC550645
LOC726655
LOC100578051
LOC412638
LOC408721
MT-LOC412675
LOC113218566
LOC102654653
LOC100576774
LOC113218923
LOC408405
LOC552650
LOC724341
LOC100576428
LOC100577737
LOC408311
LOC107964288
Arp1
MT-LOC726297
LOC552048
LOC724933
LOC107964006
LOC726212
LOC413334
LOC724442
LOC726260
LOC408890
LOC410915
LOC100578976
LOC411088
MT-LOC725579
LOC551454
LOC410952
LOC552683
LOC726586
LOC113218533
LOC408351
LOC726095
LOC409320
rnd-6-family-719#Unknown
LOC412613
LOC552278
LOC113219092
LOC102653977
LOC410655
LOC410475
LOC100578413
LOC113219404
LOC413959
LOC408295
LOC413503
MT-LOC408328
LOC102656369
LOC412924
LOC412842
LOC410690
LOC102653792
LOC100576993
LOC102654160
LOC408868
LOC113218793
LOC102655356
LOC725491
LOC102656475
LOC409699
LOC725746
LOC107965169
LOC724724
LOC727000
LOC102654652
LOC409649
LOC413310
LOC725031
LOC113218545
LOC726552
LOC727271
LOC113219141
LOC100577651
LOC100578296
LOC410114
LOC725421
LOC100576814
LOC412917
LOC724472
LOC409047
LOC725048
LOC412897
LOC113219038
LOC100578705
LOC410623
LOC725594
LOC412810
LOC552023
LOC552512
LOC551248
LOC724356
LOC409984
LOC726476
LOC726547
rnd-1-family-48#Unknown
RB-LOC409552
MT-LOC724600
LOC411892
LOC727246
LOC725720
LOC100576271
LOC100577343
LOC100576435
LOC410889
LOC413259
LOC113219114
LOC100577092
LOC411272
LOC726017
LOC725750
LOC107965421
LOC113218730
MT-LOC409459
LOC100577068
LOC408400
LOC410517
LOC411653
LOC100577727
LOC727294
LOC113218552
LOC410289
LOC724129
LOC410985
LOC102653748
LOC100578726
LOC725294
LOC413858
LOC409607
LOC726689
LOC409584
LOC102653678
RB-LOC551644
LOC410078
LOC100578952
LOC100576925
LOC724449
LOC727166
LOC410167
LOC408649
LOC552195
LOC412465
LOC724851
LOC408787
LOC725807
LOC100576819
LOC100577300
LOC726923
LOC551652
LOC551958
LOC551666
LOC107964165
LOC408949
LOC410547
LOC724508
LOC100578473
LOC409539
LOC724787
LOC724235
LOC724749
MT-LOC412876
LOC411059
LOC551044
LOC100578448
LOC413852
LOC408989
LOC409066
LOC409711
LOC408680
LOC113218553
LOC100577932
LOC408732
MT-LOC552128
LOC100577215
LOC411349
LOC102654316
LOC725046
MT-LOC102654379
LOC411078
LOC409905
LOC724947
Imd
LOC725712
Tpi
LOC100578939
LOC726307
LOC412898
LOC107964020
LOC724706
LOC100577047
LOC413427
MT-LOC551208
LOC552437
LOC409245
LOC102655020
LOC408826
LOC107964633
LOC410624
LOC100578822
LOC414021
LOC100577165
MT-LOC552180
LOC726269
MT-LOC413340
LOC102656636
LOC411548
MT-LOC726838
LOC102654696
LOC100576990
LOC100576183
LOC410744
LOC726107
LOC100578034
LOC100576944
LOC100578436
LOC107965774
LOC410133
LOC726863
MT-LOC408352
LOC408883
LOC408968
LOC411772
LOC412926
LOC410793
LOC411294
LOC409729
LOC102655291
MT-LOC552656
LOC408407
LOC551809
LOC724408
LOC551711
LOC107963973
LOC100577766
LOC100576863
LOC100576226
LOC552249
LOC410819
LOC724626
LOC552019
LOC409676
LOC726579
LOC100577752
LOC102654911
LOC408271
LOC413133
LOC100576299
LOC100576961
LOC726956
MT-LOC412796
LOC410806
LOC100576401
LOC102656927
LOC412231
LOC102654584
LOC408365
LOC408572
LOC411997
LOC102655983
LOC726148
LOC412862
LOC113218616
LOC413787
LOC107965414
LOC412200
MT-LOC102654682
LOC724859
LOC100578438
LOC411764
LOC726254
LOC551432
LOC408355
LOC107964158
MT-LOC552081
LOC552534
LOC412714
LOC413332
LOC102656433
LOC408557
LOC100578524
LOC726840
LOC551877
LOC102655247
LOC551678
LOC102653600
LOC408359
LOC409548
LOC725033
LOC412187
ecd
LOC100577017
LOC409530
LOC412117
LOC107966044
LOC408909
LOC411833
LOC552267
Gpdh
LOC113218602
LOC107964138
LOC552552
LOC551688
LOC100577378
MT-LOC100576186
LOC408862
LOC414014
LOC411742
LOC408672
LOC408619
LOC100577574
LOC107964022
LOC409495
LOC551505
LOC100576615
LOC724296
LOC413948
RB-LOC113218699
RB-LOC113218695
RB-LOC113219173
RB-LOC113218705
LOC102656903
C1q-VP
RB-LOC113218694
rnd-4-family-322#Unknown
LOC100577257
LOC113219019
LOC100577013
LOC409061
LOC100577548
LOC102654641
CPF1
LOC102655698
LOC102655747
LOC113218725
rnd-5-family-1095#Unknown
LOC726248
LOC102654906
LOC724946
LOC408320
LOC100577320
LOC100576688
LOC410743
LOC724285
LOC724307
LOC107965072
LOC724874
LOC113218880
LOC724300
LOC100577071
LOC113218856
RB-LOC113218693
LOC113219271
LOC551029
Or14
LOC408633
LOC552766
LOC410622
Mir3750
LOC413491
LOC100577849
LOC102653584
nAChRb2
LOC551741
LOC725099
LOC102654091
LOC552251
LOC100579008
LOC107964964
LOC107965048
Tg
LOC100576099
LOC724904
LOC102653602
LOC102656050
LOC409709
LOC412782
LOC726443
LOC113218811
LOC409454
LOC102655014
LOC102654510
LOC725111
LOC552832
LOC727416
LOC100576666
LOC113218847
LOC412806
A4
LOC102655953
LOC100576400
LOC552159
LOC410350
LOC102653798
LOC100576584
LOC726251
LOC726980
LOC102656571
LOC102655485
LOC102656909
LOC102653666
LOC726564
LOC100578936
Cry2
LOC552306
LOC113218821
LOC113219220
LOC102654088
LOC409553
LOC102656464
MT-LOC100577575
LOC107965279
LOC551970
LOC725054
LOC552234
LOC412838
MT-LOC408748
LOC411556
LOC725311
LOC551983
LOC102654079
LOC552686
LOC102656092
LOC412449
LOC102653659
LOC113219104
LOC411408
LOC551202
LOC726872
LOC107965595
LOC107964798
LOC100578733
LOC100576152
LOC552815
LOC550955
LOC102653928
LOC409934
LOC113218746
LOC100579055
LOC552095
LOC413549
LOC726615
RB-Rpl41
LOC107966113
LOC724175
LOC100576886
LOC413270
MT-LOC412409
LOC113219217
LOC100577496
LOC102654638
LOC107965150
LOC413532
LOC107964236
Hbg2
LOC102654470
LOC412630
RB-LOC113219387
LOC725892
LOC100576976
LOC725450
LOC413674
LOC102656737
LOC102656294
LOC412637
LOC725748
LOC411845
LOC724583
LOC724524
LOC552354
LOC725642
LOC413906
MT-LOC102655391
LOC102653753
LOC552210
LOC102654730
LOC113219223
LOC113219293
LOC724954
LOC725486
RB-LOC550711
LOC406118
LOC727202
LOC409972
LOC100576272
LOC113218561
MT-LOC413730
LOC113218627
LOC725617
